<?xml version="1.0" encoding="UTF-8"?>
<!-- Generated by org.testng.reporters.JUnitReportReporter -->
<testsuite skipped="0" hostname="LAPTOP-M68A40QS" name="com.qa.southwest.test.HomepageTest" tests="2" failures="0" timestamp="31 May 2018 17:14:27 GMT" time="35.481" errors="0">
  <testcase name="getTittle" time="15.094" classname="com.qa.southwest.test.HomepageTest"/>
  <testcase name="details" time="20.387" classname="com.qa.southwest.test.HomepageTest"/>
</testsuite> <!-- com.qa.southwest.test.HomepageTest -->
